{"/Users/vilsonkh/Desktop/IT/PORTFOLIO-SITE/projects-2/entertainment-app/src/components/Header/Header.jsx": {"path":"/Users/vilsonkh/Desktop/IT/PORTFOLIO-SITE/projects-2/entertainment-app/src/components/Header/Header.jsx","statementMap":{"0":{"start":{"line":9,"column":19},"end":{"line":11,"column":1}},"1":{"start":{"line":10,"column":1},"end":{"line":10,"column":50}},"2":{"start":{"line":13,"column":17},"end":{"line":13,"column":58}},"3":{"start":{"line":15,"column":15},"end":{"line":76,"column":1}},"4":{"start":{"line":16,"column":1},"end":{"line":75,"column":3}},"5":{"start":{"line":23,"column":51},"end":{"line":23,"column":75}},"6":{"start":{"line":33,"column":81},"end":{"line":33,"column":105}},"7":{"start":{"line":43,"column":58},"end":{"line":43,"column":82}},"8":{"start":{"line":53,"column":60},"end":{"line":53,"column":84}},"9":{"start":{"line":61,"column":59},"end":{"line":61,"column":83}}},"fnMap":{"0":{"name":"(anonymous_0)","decl":{"start":{"line":9,"column":19},"end":{"line":9,"column":20}},"loc":{"start":{"line":9,"column":35},"end":{"line":11,"column":1}},"line":9},"1":{"name":"(anonymous_1)","decl":{"start":{"line":15,"column":15},"end":{"line":15,"column":16}},"loc":{"start":{"line":15,"column":21},"end":{"line":76,"column":1}},"line":15},"2":{"name":"(anonymous_2)","decl":{"start":{"line":23,"column":32},"end":{"line":23,"column":33}},"loc":{"start":{"line":23,"column":51},"end":{"line":23,"column":75}},"line":23},"3":{"name":"(anonymous_3)","decl":{"start":{"line":33,"column":62},"end":{"line":33,"column":63}},"loc":{"start":{"line":33,"column":81},"end":{"line":33,"column":105}},"line":33},"4":{"name":"(anonymous_4)","decl":{"start":{"line":43,"column":39},"end":{"line":43,"column":40}},"loc":{"start":{"line":43,"column":58},"end":{"line":43,"column":82}},"line":43},"5":{"name":"(anonymous_5)","decl":{"start":{"line":53,"column":41},"end":{"line":53,"column":42}},"loc":{"start":{"line":53,"column":60},"end":{"line":53,"column":84}},"line":53},"6":{"name":"(anonymous_6)","decl":{"start":{"line":61,"column":40},"end":{"line":61,"column":41}},"loc":{"start":{"line":61,"column":59},"end":{"line":61,"column":83}},"line":61}},"branchMap":{"0":{"loc":{"start":{"line":10,"column":8},"end":{"line":10,"column":49}},"type":"cond-expr","locations":[{"start":{"line":10,"column":38},"end":{"line":10,"column":41}},{"start":{"line":10,"column":44},"end":{"line":10,"column":49}}],"line":10},"1":{"loc":{"start":{"line":13,"column":17},"end":{"line":13,"column":58}},"type":"cond-expr","locations":[{"start":{"line":13,"column":47},"end":{"line":13,"column":51}},{"start":{"line":13,"column":54},"end":{"line":13,"column":58}}],"line":13},"2":{"loc":{"start":{"line":23,"column":51},"end":{"line":23,"column":75}},"type":"cond-expr","locations":[{"start":{"line":23,"column":62},"end":{"line":23,"column":70}},{"start":{"line":23,"column":73},"end":{"line":23,"column":75}}],"line":23},"3":{"loc":{"start":{"line":33,"column":81},"end":{"line":33,"column":105}},"type":"cond-expr","locations":[{"start":{"line":33,"column":92},"end":{"line":33,"column":100}},{"start":{"line":33,"column":103},"end":{"line":33,"column":105}}],"line":33},"4":{"loc":{"start":{"line":43,"column":58},"end":{"line":43,"column":82}},"type":"cond-expr","locations":[{"start":{"line":43,"column":69},"end":{"line":43,"column":77}},{"start":{"line":43,"column":80},"end":{"line":43,"column":82}}],"line":43},"5":{"loc":{"start":{"line":53,"column":60},"end":{"line":53,"column":84}},"type":"cond-expr","locations":[{"start":{"line":53,"column":71},"end":{"line":53,"column":79}},{"start":{"line":53,"column":82},"end":{"line":53,"column":84}}],"line":53},"6":{"loc":{"start":{"line":61,"column":59},"end":{"line":61,"column":83}},"type":"cond-expr","locations":[{"start":{"line":61,"column":70},"end":{"line":61,"column":78}},{"start":{"line":61,"column":81},"end":{"line":61,"column":83}}],"line":61}},"s":{"0":0,"1":0,"2":0,"3":0,"4":0,"5":0,"6":0,"7":0,"8":0,"9":0},"f":{"0":0,"1":0,"2":0,"3":0,"4":0,"5":0,"6":0},"b":{"0":[0,0],"1":[0,0],"2":[0,0],"3":[0,0],"4":[0,0],"5":[0,0],"6":[0,0]}}
,"/Users/vilsonkh/Desktop/IT/PORTFOLIO-SITE/projects-2/entertainment-app/src/components/Recomended/Recommended.jsx": {"path":"/Users/vilsonkh/Desktop/IT/PORTFOLIO-SITE/projects-2/entertainment-app/src/components/Recomended/Recommended.jsx","statementMap":{"0":{"start":{"line":4,"column":20},"end":{"line":14,"column":1}},"1":{"start":{"line":6,"column":1},"end":{"line":13,"column":3}}},"fnMap":{"0":{"name":"(anonymous_0)","decl":{"start":{"line":4,"column":20},"end":{"line":4,"column":21}},"loc":{"start":{"line":4,"column":26},"end":{"line":14,"column":1}},"line":4}},"branchMap":{},"s":{"0":0,"1":0},"f":{"0":0},"b":{}}
,"/Users/vilsonkh/Desktop/IT/PORTFOLIO-SITE/projects-2/entertainment-app/src/components/Search/Search.jsx": {"path":"/Users/vilsonkh/Desktop/IT/PORTFOLIO-SITE/projects-2/entertainment-app/src/components/Search/Search.jsx","statementMap":{"0":{"start":{"line":7,"column":15},"end":{"line":26,"column":1}},"1":{"start":{"line":8,"column":16},"end":{"line":8,"column":41}},"2":{"start":{"line":9,"column":1},"end":{"line":25,"column":3}},"3":{"start":{"line":15,"column":28},"end":{"line":16,"column":20}}},"fnMap":{"0":{"name":"(anonymous_0)","decl":{"start":{"line":7,"column":15},"end":{"line":7,"column":16}},"loc":{"start":{"line":7,"column":37},"end":{"line":26,"column":1}},"line":7},"1":{"name":"(anonymous_1)","decl":{"start":{"line":15,"column":21},"end":{"line":15,"column":22}},"loc":{"start":{"line":15,"column":28},"end":{"line":16,"column":20}},"line":15}},"branchMap":{"0":{"loc":{"start":{"line":13,"column":5},"end":{"line":13,"column":153}},"type":"cond-expr","locations":[{"start":{"line":13,"column":28},"end":{"line":13,"column":89}},{"start":{"line":13,"column":92},"end":{"line":13,"column":153}}],"line":13}},"s":{"0":0,"1":0,"2":0,"3":0},"f":{"0":0,"1":0},"b":{"0":[0,0]}}
,"/Users/vilsonkh/Desktop/IT/PORTFOLIO-SITE/projects-2/entertainment-app/src/components/SearchPopup/SearchPopup.jsx": {"path":"/Users/vilsonkh/Desktop/IT/PORTFOLIO-SITE/projects-2/entertainment-app/src/components/SearchPopup/SearchPopup.jsx","statementMap":{"0":{"start":{"line":11,"column":20},"end":{"line":52,"column":1}},"1":{"start":{"line":12,"column":18},"end":{"line":12,"column":31}},"2":{"start":{"line":14,"column":1},"end":{"line":17,"column":14}},"3":{"start":{"line":15,"column":2},"end":{"line":15,"column":39}},"4":{"start":{"line":19,"column":12},"end":{"line":19,"column":38}},"5":{"start":{"line":20,"column":17},"end":{"line":20,"column":42}},"6":{"start":{"line":22,"column":19},"end":{"line":22,"column":32}},"7":{"start":{"line":24,"column":21},"end":{"line":28,"column":2}},"8":{"start":{"line":25,"column":2},"end":{"line":25,"column":37}},"9":{"start":{"line":26,"column":2},"end":{"line":26,"column":20}},"10":{"start":{"line":27,"column":2},"end":{"line":27,"column":39}},"11":{"start":{"line":30,"column":1},"end":{"line":51,"column":3}},"12":{"start":{"line":34,"column":52},"end":{"line":34,"column":154}},"13":{"start":{"line":35,"column":5},"end":{"line":46,"column":7}},"14":{"start":{"line":36,"column":64},"end":{"line":36,"column":87}}},"fnMap":{"0":{"name":"(anonymous_0)","decl":{"start":{"line":11,"column":20},"end":{"line":11,"column":21}},"loc":{"start":{"line":11,"column":36},"end":{"line":52,"column":1}},"line":11},"1":{"name":"(anonymous_1)","decl":{"start":{"line":14,"column":11},"end":{"line":14,"column":12}},"loc":{"start":{"line":14,"column":17},"end":{"line":17,"column":2}},"line":14},"2":{"name":"(anonymous_2)","decl":{"start":{"line":24,"column":21},"end":{"line":24,"column":22}},"loc":{"start":{"line":24,"column":29},"end":{"line":28,"column":2}},"line":24},"3":{"name":"(anonymous_3)","decl":{"start":{"line":34,"column":46},"end":{"line":34,"column":47}},"loc":{"start":{"line":34,"column":52},"end":{"line":34,"column":154}},"line":34},"4":{"name":"(anonymous_4)","decl":{"start":{"line":34,"column":167},"end":{"line":34,"column":168}},"loc":{"start":{"line":34,"column":183},"end":{"line":47,"column":5}},"line":34},"5":{"name":"(anonymous_5)","decl":{"start":{"line":36,"column":58},"end":{"line":36,"column":59}},"loc":{"start":{"line":36,"column":64},"end":{"line":36,"column":87}},"line":36}},"branchMap":{"0":{"loc":{"start":{"line":34,"column":5},"end":{"line":47,"column":6}},"type":"cond-expr","locations":[{"start":{"line":34,"column":28},"end":{"line":34,"column":155}},{"start":{"line":34,"column":158},"end":{"line":47,"column":6}}],"line":34},"1":{"loc":{"start":{"line":42,"column":59},"end":{"line":42,"column":106}},"type":"cond-expr","locations":[{"start":{"line":42,"column":81},"end":{"line":42,"column":99}},{"start":{"line":42,"column":102},"end":{"line":42,"column":106}}],"line":42},"2":{"loc":{"start":{"line":48,"column":5},"end":{"line":48,"column":112}},"type":"cond-expr","locations":[{"start":{"line":48,"column":46},"end":{"line":48,"column":105}},{"start":{"line":48,"column":108},"end":{"line":48,"column":112}}],"line":48},"3":{"loc":{"start":{"line":48,"column":5},"end":{"line":48,"column":43}},"type":"binary-expr","locations":[{"start":{"line":48,"column":5},"end":{"line":48,"column":17}},{"start":{"line":48,"column":21},"end":{"line":48,"column":43}}],"line":48}},"s":{"0":0,"1":0,"2":0,"3":0,"4":0,"5":0,"6":0,"7":0,"8":0,"9":0,"10":0,"11":0,"12":0,"13":0,"14":0},"f":{"0":0,"1":0,"2":0,"3":0,"4":0,"5":0},"b":{"0":[0,0],"1":[0,0],"2":[0,0],"3":[0,0]}}
,"/Users/vilsonkh/Desktop/IT/PORTFOLIO-SITE/projects-2/entertainment-app/src/components/Trending/Trending.jsx": {"path":"/Users/vilsonkh/Desktop/IT/PORTFOLIO-SITE/projects-2/entertainment-app/src/components/Trending/Trending.jsx","statementMap":{"0":{"start":{"line":4,"column":17},"end":{"line":13,"column":1}},"1":{"start":{"line":5,"column":1},"end":{"line":12,"column":3}}},"fnMap":{"0":{"name":"(anonymous_0)","decl":{"start":{"line":4,"column":17},"end":{"line":4,"column":18}},"loc":{"start":{"line":4,"column":23},"end":{"line":13,"column":1}},"line":4}},"branchMap":{},"s":{"0":0,"1":0},"f":{"0":0},"b":{}}
,"/Users/vilsonkh/Desktop/IT/PORTFOLIO-SITE/projects-2/entertainment-app/src/components/TrendingSlider/TrendingSlider.jsx": {"path":"/Users/vilsonkh/Desktop/IT/PORTFOLIO-SITE/projects-2/entertainment-app/src/components/TrendingSlider/TrendingSlider.jsx","statementMap":{"0":{"start":{"line":14,"column":23},"end":{"line":81,"column":1}},"1":{"start":{"line":15,"column":18},"end":{"line":15,"column":31}},"2":{"start":{"line":17,"column":1},"end":{"line":19,"column":16}},"3":{"start":{"line":18,"column":2},"end":{"line":18,"column":34}},"4":{"start":{"line":21,"column":14},"end":{"line":21,"column":40}},"5":{"start":{"line":22,"column":21},"end":{"line":22,"column":48}},"6":{"start":{"line":24,"column":18},"end":{"line":24,"column":31}},"7":{"start":{"line":26,"column":21},"end":{"line":31,"column":2}},"8":{"start":{"line":27,"column":2},"end":{"line":30,"column":3}},"9":{"start":{"line":28,"column":3},"end":{"line":28,"column":22}},"10":{"start":{"line":29,"column":3},"end":{"line":29,"column":39}},"11":{"start":{"line":33,"column":21},"end":{"line":62,"column":3}},"12":{"start":{"line":34,"column":73},"end":{"line":34,"column":80}},"13":{"start":{"line":35,"column":2},"end":{"line":61,"column":4}},"14":{"start":{"line":36,"column":68},"end":{"line":36,"column":86}},"15":{"start":{"line":64,"column":1},"end":{"line":80,"column":3}}},"fnMap":{"0":{"name":"(anonymous_0)","decl":{"start":{"line":14,"column":23},"end":{"line":14,"column":24}},"loc":{"start":{"line":14,"column":29},"end":{"line":81,"column":1}},"line":14},"1":{"name":"(anonymous_1)","decl":{"start":{"line":17,"column":11},"end":{"line":17,"column":12}},"loc":{"start":{"line":17,"column":17},"end":{"line":19,"column":2}},"line":17},"2":{"name":"(anonymous_2)","decl":{"start":{"line":26,"column":21},"end":{"line":26,"column":22}},"loc":{"start":{"line":26,"column":32},"end":{"line":31,"column":2}},"line":26},"3":{"name":"(anonymous_3)","decl":{"start":{"line":33,"column":30},"end":{"line":33,"column":31}},"loc":{"start":{"line":33,"column":46},"end":{"line":62,"column":2}},"line":33},"4":{"name":"(anonymous_4)","decl":{"start":{"line":36,"column":61},"end":{"line":36,"column":62}},"loc":{"start":{"line":36,"column":68},"end":{"line":36,"column":86}},"line":36}},"branchMap":{"0":{"loc":{"start":{"line":27,"column":2},"end":{"line":30,"column":3}},"type":"if","locations":[{"start":{"line":27,"column":2},"end":{"line":30,"column":3}},{"start":{},"end":{}}],"line":27},"1":{"loc":{"start":{"line":37,"column":5},"end":{"line":58,"column":8}},"type":"cond-expr","locations":[{"start":{"line":37,"column":33},"end":{"line":37,"column":114}},{"start":{"line":38,"column":5},"end":{"line":58,"column":8}}],"line":37},"2":{"loc":{"start":{"line":46,"column":11},"end":{"line":46,"column":106}},"type":"cond-expr","locations":[{"start":{"line":46,"column":34},"end":{"line":46,"column":73}},{"start":{"line":46,"column":76},"end":{"line":46,"column":106}}],"line":46},"3":{"loc":{"start":{"line":53,"column":46},"end":{"line":53,"column":87}},"type":"cond-expr","locations":[{"start":{"line":53,"column":60},"end":{"line":53,"column":80}},{"start":{"line":53,"column":83},"end":{"line":53,"column":87}}],"line":53}},"s":{"0":0,"1":0,"2":0,"3":0,"4":0,"5":0,"6":0,"7":0,"8":0,"9":0,"10":0,"11":0,"12":0,"13":0,"14":0,"15":0},"f":{"0":0,"1":0,"2":0,"3":0,"4":0},"b":{"0":[0,0],"1":[0,0],"2":[0,0],"3":[0,0]}}
,"/Users/vilsonkh/Desktop/IT/PORTFOLIO-SITE/projects-2/entertainment-app/src/components/UI/ExternalImage.jsx": {"path":"/Users/vilsonkh/Desktop/IT/PORTFOLIO-SITE/projects-2/entertainment-app/src/components/UI/ExternalImage.jsx","statementMap":{"0":{"start":{"line":4,"column":22},"end":{"line":18,"column":1}},"1":{"start":{"line":5,"column":32},"end":{"line":5,"column":47}},"2":{"start":{"line":7,"column":2},"end":{"line":17,"column":3}},"3":{"start":{"line":11,"column":22},"end":{"line":11,"column":38}}},"fnMap":{"0":{"name":"(anonymous_0)","decl":{"start":{"line":4,"column":22},"end":{"line":4,"column":23}},"loc":{"start":{"line":4,"column":54},"end":{"line":18,"column":1}},"line":4},"1":{"name":"(anonymous_1)","decl":{"start":{"line":11,"column":16},"end":{"line":11,"column":17}},"loc":{"start":{"line":11,"column":22},"end":{"line":11,"column":38}},"line":11}},"branchMap":{"0":{"loc":{"start":{"line":4,"column":35},"end":{"line":4,"column":48}},"type":"default-arg","locations":[{"start":{"line":4,"column":43},"end":{"line":4,"column":48}}],"line":4},"1":{"loc":{"start":{"line":9,"column":36},"end":{"line":9,"column":61}},"type":"cond-expr","locations":[{"start":{"line":9,"column":46},"end":{"line":9,"column":56}},{"start":{"line":9,"column":59},"end":{"line":9,"column":61}}],"line":9},"2":{"loc":{"start":{"line":10,"column":26},"end":{"line":10,"column":52}},"type":"cond-expr","locations":[{"start":{"line":10,"column":36},"end":{"line":10,"column":43}},{"start":{"line":10,"column":46},"end":{"line":10,"column":52}}],"line":10},"3":{"loc":{"start":{"line":15,"column":8},"end":{"line":15,"column":107}},"type":"cond-expr","locations":[{"start":{"line":15,"column":18},"end":{"line":15,"column":22}},{"start":{"line":15,"column":25},"end":{"line":15,"column":107}}],"line":15}},"s":{"0":0,"1":0,"2":0,"3":0},"f":{"0":0,"1":0},"b":{"0":[0],"1":[0,0],"2":[0,0],"3":[0,0]}}
,"/Users/vilsonkh/Desktop/IT/PORTFOLIO-SITE/projects-2/entertainment-app/src/components/utils/test-redux-utils.jsx": {"path":"/Users/vilsonkh/Desktop/IT/PORTFOLIO-SITE/projects-2/entertainment-app/src/components/utils/test-redux-utils.jsx","statementMap":{"0":{"start":{"line":8,"column":35},"end":{"line":18,"column":1}},"1":{"start":{"line":9,"column":17},"end":{"line":15,"column":2}},"2":{"start":{"line":10,"column":2},"end":{"line":14,"column":4}},"3":{"start":{"line":17,"column":1},"end":{"line":17,"column":73}}},"fnMap":{"0":{"name":"(anonymous_0)","decl":{"start":{"line":8,"column":35},"end":{"line":8,"column":36}},"loc":{"start":{"line":8,"column":150},"end":{"line":18,"column":1}},"line":8},"1":{"name":"(anonymous_1)","decl":{"start":{"line":9,"column":17},"end":{"line":9,"column":18}},"loc":{"start":{"line":9,"column":35},"end":{"line":15,"column":2}},"line":9}},"branchMap":{"0":{"loc":{"start":{"line":8,"column":40},"end":{"line":8,"column":145}},"type":"default-arg","locations":[{"start":{"line":8,"column":143},"end":{"line":8,"column":145}}],"line":8},"1":{"loc":{"start":{"line":8,"column":56},"end":{"line":8,"column":120}},"type":"default-arg","locations":[{"start":{"line":8,"column":64},"end":{"line":8,"column":120}}],"line":8}},"s":{"0":0,"1":0,"2":0,"3":0},"f":{"0":0,"1":0},"b":{"0":[0],"1":[0]}}
,"/Users/vilsonkh/Desktop/IT/PORTFOLIO-SITE/projects-2/entertainment-app/src/pages/Movies.jsx": {"path":"/Users/vilsonkh/Desktop/IT/PORTFOLIO-SITE/projects-2/entertainment-app/src/pages/Movies.jsx","statementMap":{"0":{"start":{"line":4,"column":15},"end":{"line":11,"column":1}},"1":{"start":{"line":5,"column":1},"end":{"line":10,"column":3}}},"fnMap":{"0":{"name":"(anonymous_0)","decl":{"start":{"line":4,"column":15},"end":{"line":4,"column":16}},"loc":{"start":{"line":4,"column":21},"end":{"line":11,"column":1}},"line":4}},"branchMap":{},"s":{"0":0,"1":0},"f":{"0":0},"b":{}}
}
