{"/Users/vilsonkh/Desktop/IT/PORTFOLIO-SITE/projects-2/entertainment-app/src/components/AddForm/Form.jsx": {"path":"/Users/vilsonkh/Desktop/IT/PORTFOLIO-SITE/projects-2/entertainment-app/src/components/AddForm/Form.jsx","statementMap":{"0":{"start":{"line":11,"column":13},"end":{"line":92,"column":1}},"1":{"start":{"line":13,"column":22},"end":{"line":13,"column":46}},"2":{"start":{"line":14,"column":19},"end":{"line":14,"column":32}},"3":{"start":{"line":15,"column":27},"end":{"line":23,"column":13}},"4":{"start":{"line":25,"column":18},"end":{"line":35,"column":4}},"5":{"start":{"line":37,"column":35},"end":{"line":37,"column":43}},"6":{"start":{"line":38,"column":43},"end":{"line":38,"column":58}},"7":{"start":{"line":40,"column":18},"end":{"line":49,"column":3}},"8":{"start":{"line":41,"column":4},"end":{"line":41,"column":22}},"9":{"start":{"line":42,"column":2},"end":{"line":42,"column":24}},"10":{"start":{"line":44,"column":2},"end":{"line":47,"column":10}},"11":{"start":{"line":45,"column":3},"end":{"line":45,"column":26}},"12":{"start":{"line":46,"column":3},"end":{"line":46,"column":28}},"13":{"start":{"line":48,"column":4},"end":{"line":48,"column":35}},"14":{"start":{"line":51,"column":1},"end":{"line":91,"column":3}}},"fnMap":{"0":{"name":"(anonymous_0)","decl":{"start":{"line":11,"column":13},"end":{"line":11,"column":14}},"loc":{"start":{"line":11,"column":19},"end":{"line":92,"column":1}},"line":11},"1":{"name":"(anonymous_1)","decl":{"start":{"line":40,"column":18},"end":{"line":40,"column":19}},"loc":{"start":{"line":40,"column":34},"end":{"line":49,"column":3}},"line":40},"2":{"name":"(anonymous_2)","decl":{"start":{"line":44,"column":13},"end":{"line":44,"column":14}},"loc":{"start":{"line":44,"column":19},"end":{"line":47,"column":3}},"line":44}},"branchMap":{"0":{"loc":{"start":{"line":54,"column":4},"end":{"line":88,"column":44}},"type":"cond-expr","locations":[{"start":{"line":54,"column":21},"end":{"line":88,"column":10}},{"start":{"line":88,"column":13},"end":{"line":88,"column":44}}],"line":54}},"s":{"0":1,"1":3,"2":3,"3":3,"4":3,"5":3,"6":3,"7":3,"8":0,"9":0,"10":0,"11":0,"12":0,"13":0,"14":3},"f":{"0":3,"1":0,"2":0},"b":{"0":[3,0]},"_coverageSchema":"1a1c01bbd47fc00a2c39e90264f33305004495a9","hash":"d515a66ca37adf1a28433e6c5174b2bd712a718d"}
,"/Users/vilsonkh/Desktop/IT/PORTFOLIO-SITE/projects-2/entertainment-app/src/components/AddForm/Input.jsx": {"path":"/Users/vilsonkh/Desktop/IT/PORTFOLIO-SITE/projects-2/entertainment-app/src/components/AddForm/Input.jsx","statementMap":{"0":{"start":{"line":4,"column":14},"end":{"line":21,"column":1}},"1":{"start":{"line":8,"column":5},"end":{"line":8,"column":21}},"2":{"start":{"line":10,"column":1},"end":{"line":20,"column":3}}},"fnMap":{"0":{"name":"(anonymous_0)","decl":{"start":{"line":4,"column":14},"end":{"line":4,"column":15}},"loc":{"start":{"line":4,"column":44},"end":{"line":21,"column":1}},"line":4}},"branchMap":{"0":{"loc":{"start":{"line":18,"column":4},"end":{"line":18,"column":79}},"type":"binary-expr","locations":[{"start":{"line":18,"column":4},"end":{"line":18,"column":21}},{"start":{"line":18,"column":25},"end":{"line":18,"column":79}}],"line":18}},"s":{"0":1,"1":12,"2":12},"f":{"0":12},"b":{"0":[12,1]},"_coverageSchema":"1a1c01bbd47fc00a2c39e90264f33305004495a9","hash":"64449db0f851c72e21a5806225361f29635b76ac"}
,"/Users/vilsonkh/Desktop/IT/PORTFOLIO-SITE/projects-2/entertainment-app/src/components/ItemCard/CollapseText.jsx": {"path":"/Users/vilsonkh/Desktop/IT/PORTFOLIO-SITE/projects-2/entertainment-app/src/components/ItemCard/CollapseText.jsx","statementMap":{"0":{"start":{"line":3,"column":21},"end":{"line":21,"column":1}},"1":{"start":{"line":4,"column":39},"end":{"line":4,"column":54}},"2":{"start":{"line":5,"column":1},"end":{"line":20,"column":3}},"3":{"start":{"line":14,"column":22},"end":{"line":14,"column":50}}},"fnMap":{"0":{"name":"(anonymous_0)","decl":{"start":{"line":3,"column":21},"end":{"line":3,"column":22}},"loc":{"start":{"line":3,"column":48},"end":{"line":21,"column":1}},"line":3},"1":{"name":"(anonymous_1)","decl":{"start":{"line":14,"column":16},"end":{"line":14,"column":17}},"loc":{"start":{"line":14,"column":22},"end":{"line":14,"column":50}},"line":14}},"branchMap":{"0":{"loc":{"start":{"line":16,"column":27},"end":{"line":16,"column":69}},"type":"cond-expr","locations":[{"start":{"line":16,"column":54},"end":{"line":16,"column":60}},{"start":{"line":16,"column":63},"end":{"line":16,"column":69}}],"line":16},"1":{"loc":{"start":{"line":17,"column":52},"end":{"line":17,"column":79}},"type":"cond-expr","locations":[{"start":{"line":17,"column":66},"end":{"line":17,"column":72}},{"start":{"line":17,"column":75},"end":{"line":17,"column":79}}],"line":17}},"s":{"0":1,"1":5,"2":5,"3":2},"f":{"0":5,"1":2},"b":{"0":[4,1],"1":[1,4]},"_coverageSchema":"1a1c01bbd47fc00a2c39e90264f33305004495a9","hash":"fc0d0982cd6b1f53a43b7b12f34de77138bbabb0"}
,"/Users/vilsonkh/Desktop/IT/PORTFOLIO-SITE/projects-2/entertainment-app/src/components/ItemCard/NewReviewForm.jsx": {"path":"/Users/vilsonkh/Desktop/IT/PORTFOLIO-SITE/projects-2/entertainment-app/src/components/ItemCard/NewReviewForm.jsx","statementMap":{"0":{"start":{"line":6,"column":22},"end":{"line":53,"column":1}},"1":{"start":{"line":8,"column":18},"end":{"line":10,"column":3}},"2":{"start":{"line":17,"column":5},"end":{"line":17,"column":13}},"3":{"start":{"line":19,"column":18},"end":{"line":28,"column":2}},"4":{"start":{"line":20,"column":4},"end":{"line":20,"column":26}},"5":{"start":{"line":22,"column":4},"end":{"line":26,"column":13}},"6":{"start":{"line":23,"column":6},"end":{"line":23,"column":14}},"7":{"start":{"line":24,"column":6},"end":{"line":24,"column":29}},"8":{"start":{"line":25,"column":3},"end":{"line":25,"column":10}},"9":{"start":{"line":27,"column":2},"end":{"line":27,"column":46}},"10":{"start":{"line":30,"column":24},"end":{"line":30,"column":57}},"11":{"start":{"line":32,"column":1},"end":{"line":52,"column":3}}},"fnMap":{"0":{"name":"(anonymous_0)","decl":{"start":{"line":6,"column":22},"end":{"line":6,"column":23}},"loc":{"start":{"line":6,"column":65},"end":{"line":53,"column":1}},"line":6},"1":{"name":"(anonymous_1)","decl":{"start":{"line":19,"column":18},"end":{"line":19,"column":19}},"loc":{"start":{"line":19,"column":36},"end":{"line":28,"column":2}},"line":19},"2":{"name":"(anonymous_2)","decl":{"start":{"line":22,"column":15},"end":{"line":22,"column":16}},"loc":{"start":{"line":22,"column":21},"end":{"line":26,"column":5}},"line":22}},"branchMap":{"0":{"loc":{"start":{"line":30,"column":24},"end":{"line":30,"column":57}},"type":"cond-expr","locations":[{"start":{"line":30,"column":41},"end":{"line":30,"column":47}},{"start":{"line":30,"column":50},"end":{"line":30,"column":57}}],"line":30}},"s":{"0":0,"1":0,"2":0,"3":0,"4":0,"5":0,"6":0,"7":0,"8":0,"9":0,"10":0,"11":0},"f":{"0":0,"1":0,"2":0},"b":{"0":[0,0]}}
,"/Users/vilsonkh/Desktop/IT/PORTFOLIO-SITE/projects-2/entertainment-app/src/components/Search/Search.jsx": {"path":"/Users/vilsonkh/Desktop/IT/PORTFOLIO-SITE/projects-2/entertainment-app/src/components/Search/Search.jsx","statementMap":{"0":{"start":{"line":10,"column":15},"end":{"line":53,"column":1}},"1":{"start":{"line":11,"column":18},"end":{"line":11,"column":31}},"2":{"start":{"line":12,"column":28},"end":{"line":12,"column":48}},"3":{"start":{"line":14,"column":1},"end":{"line":19,"column":14}},"4":{"start":{"line":15,"column":2},"end":{"line":15,"column":78}},"5":{"start":{"line":16,"column":2},"end":{"line":16,"column":34}},"6":{"start":{"line":16,"column":27},"end":{"line":16,"column":34}},"7":{"start":{"line":17,"column":2},"end":{"line":17,"column":39}},"8":{"start":{"line":21,"column":1},"end":{"line":34,"column":8}},"9":{"start":{"line":22,"column":27},"end":{"line":26,"column":3}},"10":{"start":{"line":23,"column":18},"end":{"line":23,"column":26}},"11":{"start":{"line":24,"column":3},"end":{"line":24,"column":57}},"12":{"start":{"line":24,"column":50},"end":{"line":24,"column":57}},"13":{"start":{"line":25,"column":3},"end":{"line":25,"column":41}},"14":{"start":{"line":28,"column":2},"end":{"line":28,"column":53}},"15":{"start":{"line":30,"column":2},"end":{"line":32,"column":4}},"16":{"start":{"line":31,"column":3},"end":{"line":31,"column":57}},"17":{"start":{"line":36,"column":16},"end":{"line":36,"column":41}},"18":{"start":{"line":37,"column":1},"end":{"line":52,"column":3}},"19":{"start":{"line":44,"column":22},"end":{"line":44,"column":46}}},"fnMap":{"0":{"name":"(anonymous_0)","decl":{"start":{"line":10,"column":15},"end":{"line":10,"column":16}},"loc":{"start":{"line":10,"column":21},"end":{"line":53,"column":1}},"line":10},"1":{"name":"(anonymous_1)","decl":{"start":{"line":14,"column":11},"end":{"line":14,"column":12}},"loc":{"start":{"line":14,"column":17},"end":{"line":19,"column":2}},"line":14},"2":{"name":"(anonymous_2)","decl":{"start":{"line":21,"column":11},"end":{"line":21,"column":12}},"loc":{"start":{"line":21,"column":17},"end":{"line":34,"column":2}},"line":21},"3":{"name":"(anonymous_3)","decl":{"start":{"line":22,"column":27},"end":{"line":22,"column":28}},"loc":{"start":{"line":22,"column":34},"end":{"line":26,"column":3}},"line":22},"4":{"name":"(anonymous_4)","decl":{"start":{"line":30,"column":9},"end":{"line":30,"column":10}},"loc":{"start":{"line":30,"column":15},"end":{"line":32,"column":3}},"line":30},"5":{"name":"(anonymous_5)","decl":{"start":{"line":44,"column":15},"end":{"line":44,"column":16}},"loc":{"start":{"line":44,"column":22},"end":{"line":44,"column":46}},"line":44}},"branchMap":{"0":{"loc":{"start":{"line":15,"column":11},"end":{"line":15,"column":76}},"type":"cond-expr","locations":[{"start":{"line":15,"column":20},"end":{"line":15,"column":46}},{"start":{"line":15,"column":49},"end":{"line":15,"column":76}}],"line":15},"1":{"loc":{"start":{"line":16,"column":2},"end":{"line":16,"column":34}},"type":"if","locations":[{"start":{"line":16,"column":2},"end":{"line":16,"column":34}},{"start":{},"end":{}}],"line":16},"2":{"loc":{"start":{"line":24,"column":3},"end":{"line":24,"column":57}},"type":"if","locations":[{"start":{"line":24,"column":3},"end":{"line":24,"column":57}},{"start":{},"end":{}}],"line":24},"3":{"loc":{"start":{"line":41,"column":6},"end":{"line":41,"column":155}},"type":"cond-expr","locations":[{"start":{"line":41,"column":29},"end":{"line":41,"column":91}},{"start":{"line":41,"column":94},"end":{"line":41,"column":155}}],"line":41},"4":{"loc":{"start":{"line":46,"column":12},"end":{"line":46,"column":76}},"type":"cond-expr","locations":[{"start":{"line":46,"column":32},"end":{"line":46,"column":69}},{"start":{"line":46,"column":72},"end":{"line":46,"column":76}}],"line":46}},"s":{"0":1,"1":5,"2":5,"3":5,"4":4,"5":4,"6":3,"7":1,"8":5,"9":3,"10":0,"11":0,"12":0,"13":0,"14":3,"15":3,"16":3,"17":5,"18":5,"19":1},"f":{"0":5,"1":4,"2":3,"3":0,"4":3,"5":1},"b":{"0":[1,3],"1":[3,1],"2":[0,0],"3":[0,5],"4":[1,4]},"_coverageSchema":"1a1c01bbd47fc00a2c39e90264f33305004495a9","hash":"d497cd6ff416fa828eca3633bf1cc6e44aae3ed6"}
,"/Users/vilsonkh/Desktop/IT/PORTFOLIO-SITE/projects-2/entertainment-app/src/components/Search/useSearchDebouncer.js": {"path":"/Users/vilsonkh/Desktop/IT/PORTFOLIO-SITE/projects-2/entertainment-app/src/components/Search/useSearchDebouncer.js","statementMap":{"0":{"start":{"line":6,"column":34},"end":{"line":21,"column":1}},"1":{"start":{"line":7,"column":29},"end":{"line":7,"column":41}},"2":{"start":{"line":8,"column":27},"end":{"line":8,"column":39}},"3":{"start":{"line":9,"column":18},"end":{"line":9,"column":31}},"4":{"start":{"line":11,"column":1},"end":{"line":18,"column":20}},"5":{"start":{"line":12,"column":19},"end":{"line":15,"column":11}},"6":{"start":{"line":13,"column":3},"end":{"line":13,"column":20}},"7":{"start":{"line":14,"column":3},"end":{"line":14,"column":34}},"8":{"start":{"line":16,"column":2},"end":{"line":16,"column":38}},"9":{"start":{"line":16,"column":15},"end":{"line":16,"column":37}},"10":{"start":{"line":20,"column":1},"end":{"line":20,"column":27}}},"fnMap":{"0":{"name":"(anonymous_0)","decl":{"start":{"line":6,"column":34},"end":{"line":6,"column":35}},"loc":{"start":{"line":6,"column":51},"end":{"line":21,"column":1}},"line":6},"1":{"name":"(anonymous_1)","decl":{"start":{"line":11,"column":11},"end":{"line":11,"column":12}},"loc":{"start":{"line":11,"column":17},"end":{"line":18,"column":2}},"line":11},"2":{"name":"(anonymous_2)","decl":{"start":{"line":12,"column":30},"end":{"line":12,"column":31}},"loc":{"start":{"line":12,"column":36},"end":{"line":15,"column":3}},"line":12},"3":{"name":"(anonymous_3)","decl":{"start":{"line":16,"column":9},"end":{"line":16,"column":10}},"loc":{"start":{"line":16,"column":15},"end":{"line":16,"column":37}},"line":16}},"branchMap":{"0":{"loc":{"start":{"line":6,"column":35},"end":{"line":6,"column":46}},"type":"default-arg","locations":[{"start":{"line":6,"column":43},"end":{"line":6,"column":46}}],"line":6}},"s":{"0":2,"1":6,"2":6,"3":6,"4":6,"5":5,"6":1,"7":1,"8":5,"9":5,"10":6},"f":{"0":6,"1":5,"2":1,"3":5},"b":{"0":[6]},"_coverageSchema":"1a1c01bbd47fc00a2c39e90264f33305004495a9","hash":"3429b82abab457ea925af90733daf4719c702335"}
,"/Users/vilsonkh/Desktop/IT/PORTFOLIO-SITE/projects-2/entertainment-app/src/components/SearchPopup/SearchPopup.jsx": {"path":"/Users/vilsonkh/Desktop/IT/PORTFOLIO-SITE/projects-2/entertainment-app/src/components/SearchPopup/SearchPopup.jsx","statementMap":{"0":{"start":{"line":9,"column":20},"end":{"line":45,"column":1}},"1":{"start":{"line":10,"column":18},"end":{"line":10,"column":31}},"2":{"start":{"line":12,"column":12},"end":{"line":12,"column":38}},"3":{"start":{"line":13,"column":17},"end":{"line":13,"column":42}},"4":{"start":{"line":15,"column":19},"end":{"line":15,"column":32}},"5":{"start":{"line":17,"column":21},"end":{"line":21,"column":2}},"6":{"start":{"line":18,"column":2},"end":{"line":18,"column":37}},"7":{"start":{"line":19,"column":2},"end":{"line":19,"column":31}},"8":{"start":{"line":20,"column":2},"end":{"line":20,"column":39}},"9":{"start":{"line":23,"column":1},"end":{"line":44,"column":3}},"10":{"start":{"line":26,"column":52},"end":{"line":26,"column":154}},"11":{"start":{"line":27,"column":5},"end":{"line":38,"column":7}},"12":{"start":{"line":28,"column":64},"end":{"line":28,"column":87}}},"fnMap":{"0":{"name":"(anonymous_0)","decl":{"start":{"line":9,"column":20},"end":{"line":9,"column":21}},"loc":{"start":{"line":9,"column":36},"end":{"line":45,"column":1}},"line":9},"1":{"name":"(anonymous_1)","decl":{"start":{"line":17,"column":21},"end":{"line":17,"column":22}},"loc":{"start":{"line":17,"column":29},"end":{"line":21,"column":2}},"line":17},"2":{"name":"(anonymous_2)","decl":{"start":{"line":26,"column":46},"end":{"line":26,"column":47}},"loc":{"start":{"line":26,"column":52},"end":{"line":26,"column":154}},"line":26},"3":{"name":"(anonymous_3)","decl":{"start":{"line":26,"column":167},"end":{"line":26,"column":168}},"loc":{"start":{"line":26,"column":183},"end":{"line":39,"column":5}},"line":26},"4":{"name":"(anonymous_4)","decl":{"start":{"line":28,"column":58},"end":{"line":28,"column":59}},"loc":{"start":{"line":28,"column":64},"end":{"line":28,"column":87}},"line":28}},"branchMap":{"0":{"loc":{"start":{"line":26,"column":5},"end":{"line":39,"column":6}},"type":"cond-expr","locations":[{"start":{"line":26,"column":28},"end":{"line":26,"column":155}},{"start":{"line":26,"column":158},"end":{"line":39,"column":6}}],"line":26},"1":{"loc":{"start":{"line":34,"column":59},"end":{"line":34,"column":106}},"type":"cond-expr","locations":[{"start":{"line":34,"column":81},"end":{"line":34,"column":99}},{"start":{"line":34,"column":102},"end":{"line":34,"column":106}}],"line":34},"2":{"loc":{"start":{"line":41,"column":5},"end":{"line":41,"column":87}},"type":"cond-expr","locations":[{"start":{"line":41,"column":21},"end":{"line":41,"column":80}},{"start":{"line":41,"column":83},"end":{"line":41,"column":87}}],"line":41}},"s":{"0":1,"1":4,"2":4,"3":4,"4":4,"5":4,"6":1,"7":1,"8":1,"9":4,"10":0,"11":4,"12":1},"f":{"0":4,"1":1,"2":0,"3":4,"4":1},"b":{"0":[0,4],"1":[1,3],"2":[1,3]},"_coverageSchema":"1a1c01bbd47fc00a2c39e90264f33305004495a9","hash":"5e697ed54cfc36428422b4cf9bf4cbad887dc6be"}
,"/Users/vilsonkh/Desktop/IT/PORTFOLIO-SITE/projects-2/entertainment-app/src/components/UI/AcceptPopup.jsx": {"path":"/Users/vilsonkh/Desktop/IT/PORTFOLIO-SITE/projects-2/entertainment-app/src/components/UI/AcceptPopup.jsx","statementMap":{"0":{"start":{"line":3,"column":20},"end":{"line":12,"column":1}},"1":{"start":{"line":4,"column":1},"end":{"line":11,"column":3}}},"fnMap":{"0":{"name":"(anonymous_0)","decl":{"start":{"line":3,"column":20},"end":{"line":3,"column":21}},"loc":{"start":{"line":3,"column":32},"end":{"line":12,"column":1}},"line":3}},"branchMap":{},"s":{"0":3,"1":2},"f":{"0":2},"b":{},"_coverageSchema":"1a1c01bbd47fc00a2c39e90264f33305004495a9","hash":"5309290cb365bc8f2f7632f61443731aed3d2651"}
,"/Users/vilsonkh/Desktop/IT/PORTFOLIO-SITE/projects-2/entertainment-app/src/components/UI/AddButton.jsx": {"path":"/Users/vilsonkh/Desktop/IT/PORTFOLIO-SITE/projects-2/entertainment-app/src/components/UI/AddButton.jsx","statementMap":{"0":{"start":{"line":5,"column":18},"end":{"line":14,"column":1}},"1":{"start":{"line":6,"column":18},"end":{"line":6,"column":31}},"2":{"start":{"line":7,"column":1},"end":{"line":13,"column":3}},"3":{"start":{"line":9,"column":21},"end":{"line":9,"column":46}}},"fnMap":{"0":{"name":"(anonymous_0)","decl":{"start":{"line":5,"column":18},"end":{"line":5,"column":19}},"loc":{"start":{"line":5,"column":24},"end":{"line":14,"column":1}},"line":5},"1":{"name":"(anonymous_1)","decl":{"start":{"line":9,"column":15},"end":{"line":9,"column":16}},"loc":{"start":{"line":9,"column":21},"end":{"line":9,"column":46}},"line":9}},"branchMap":{},"s":{"0":1,"1":2,"2":2,"3":1},"f":{"0":2,"1":1},"b":{},"_coverageSchema":"1a1c01bbd47fc00a2c39e90264f33305004495a9","hash":"4fb26b306c6dad366aa3084aec4571e56e2650c8"}
,"/Users/vilsonkh/Desktop/IT/PORTFOLIO-SITE/projects-2/entertainment-app/src/components/UI/Bookmark.jsx": {"path":"/Users/vilsonkh/Desktop/IT/PORTFOLIO-SITE/projects-2/entertainment-app/src/components/UI/Bookmark.jsx","statementMap":{"0":{"start":{"line":5,"column":17},"end":{"line":27,"column":2}},"1":{"start":{"line":6,"column":51},"end":{"line":6,"column":75}},"2":{"start":{"line":8,"column":25},"end":{"line":13,"column":2}},"3":{"start":{"line":9,"column":24},"end":{"line":9,"column":76}},"4":{"start":{"line":10,"column":25},"end":{"line":10,"column":67}},"5":{"start":{"line":11,"column":2},"end":{"line":11,"column":38}},"6":{"start":{"line":12,"column":2},"end":{"line":12,"column":47}},"7":{"start":{"line":15,"column":1},"end":{"line":26,"column":3}},"8":{"start":{"line":16,"column":23},"end":{"line":16,"column":41}}},"fnMap":{"0":{"name":"(anonymous_0)","decl":{"start":{"line":5,"column":17},"end":{"line":5,"column":18}},"loc":{"start":{"line":5,"column":48},"end":{"line":27,"column":2}},"line":5},"1":{"name":"(anonymous_1)","decl":{"start":{"line":8,"column":25},"end":{"line":8,"column":26}},"loc":{"start":{"line":8,"column":32},"end":{"line":13,"column":2}},"line":8},"2":{"name":"(anonymous_2)","decl":{"start":{"line":16,"column":16},"end":{"line":16,"column":17}},"loc":{"start":{"line":16,"column":23},"end":{"line":16,"column":41}},"line":16}},"branchMap":{"0":{"loc":{"start":{"line":10,"column":25},"end":{"line":10,"column":67}},"type":"cond-expr","locations":[{"start":{"line":10,"column":51},"end":{"line":10,"column":58}},{"start":{"line":10,"column":61},"end":{"line":10,"column":67}}],"line":10},"1":{"loc":{"start":{"line":17,"column":85},"end":{"line":17,"column":130}},"type":"cond-expr","locations":[{"start":{"line":17,"column":114},"end":{"line":17,"column":121}},{"start":{"line":17,"column":124},"end":{"line":17,"column":130}}],"line":17}},"s":{"0":2,"1":3,"2":3,"3":1,"4":1,"5":1,"6":1,"7":3,"8":1},"f":{"0":3,"1":1,"2":1},"b":{"0":[0,1],"1":[2,1]},"_coverageSchema":"1a1c01bbd47fc00a2c39e90264f33305004495a9","hash":"ea4296bebbd7a92b93494dca2211d4032907287e"}
,"/Users/vilsonkh/Desktop/IT/PORTFOLIO-SITE/projects-2/entertainment-app/src/components/UI/ExternalImage.jsx": {"path":"/Users/vilsonkh/Desktop/IT/PORTFOLIO-SITE/projects-2/entertainment-app/src/components/UI/ExternalImage.jsx","statementMap":{"0":{"start":{"line":4,"column":22},"end":{"line":18,"column":1}},"1":{"start":{"line":5,"column":32},"end":{"line":5,"column":47}},"2":{"start":{"line":7,"column":2},"end":{"line":17,"column":3}},"3":{"start":{"line":11,"column":22},"end":{"line":11,"column":38}}},"fnMap":{"0":{"name":"(anonymous_0)","decl":{"start":{"line":4,"column":22},"end":{"line":4,"column":23}},"loc":{"start":{"line":4,"column":54},"end":{"line":18,"column":1}},"line":4},"1":{"name":"(anonymous_1)","decl":{"start":{"line":11,"column":16},"end":{"line":11,"column":17}},"loc":{"start":{"line":11,"column":22},"end":{"line":11,"column":38}},"line":11}},"branchMap":{"0":{"loc":{"start":{"line":4,"column":35},"end":{"line":4,"column":48}},"type":"default-arg","locations":[{"start":{"line":4,"column":43},"end":{"line":4,"column":48}}],"line":4},"1":{"loc":{"start":{"line":9,"column":36},"end":{"line":9,"column":61}},"type":"cond-expr","locations":[{"start":{"line":9,"column":46},"end":{"line":9,"column":56}},{"start":{"line":9,"column":59},"end":{"line":9,"column":61}}],"line":9},"2":{"loc":{"start":{"line":10,"column":26},"end":{"line":10,"column":52}},"type":"cond-expr","locations":[{"start":{"line":10,"column":36},"end":{"line":10,"column":43}},{"start":{"line":10,"column":46},"end":{"line":10,"column":52}}],"line":10},"3":{"loc":{"start":{"line":15,"column":8},"end":{"line":15,"column":108}},"type":"cond-expr","locations":[{"start":{"line":15,"column":19},"end":{"line":15,"column":23}},{"start":{"line":15,"column":26},"end":{"line":15,"column":108}}],"line":15}},"s":{"0":3,"1":5,"2":5,"3":0},"f":{"0":5,"1":0},"b":{"0":[4],"1":[1,4],"2":[0,5],"3":[5,0]},"_coverageSchema":"1a1c01bbd47fc00a2c39e90264f33305004495a9","hash":"c8932c3f3ad4cc44b618afc474121cb24816b095"}
,"/Users/vilsonkh/Desktop/IT/PORTFOLIO-SITE/projects-2/entertainment-app/src/components/UI/RatingPopup.jsx": {"path":"/Users/vilsonkh/Desktop/IT/PORTFOLIO-SITE/projects-2/entertainment-app/src/components/UI/RatingPopup.jsx","statementMap":{"0":{"start":{"line":5,"column":20},"end":{"line":75,"column":1}},"1":{"start":{"line":6,"column":29},"end":{"line":6,"column":40}},"2":{"start":{"line":7,"column":27},"end":{"line":7,"column":38}},"3":{"start":{"line":8,"column":43},"end":{"line":8,"column":58}},"4":{"start":{"line":9,"column":23},"end":{"line":9,"column":27}},"5":{"start":{"line":12,"column":1},"end":{"line":20,"column":2}},"6":{"start":{"line":13,"column":2},"end":{"line":13,"column":51}},"7":{"start":{"line":14,"column":8},"end":{"line":20,"column":2}},"8":{"start":{"line":15,"column":2},"end":{"line":15,"column":53}},"9":{"start":{"line":16,"column":8},"end":{"line":20,"column":2}},"10":{"start":{"line":17,"column":2},"end":{"line":17,"column":50}},"11":{"start":{"line":19,"column":2},"end":{"line":19,"column":25}},"12":{"start":{"line":22,"column":24},"end":{"line":24,"column":2}},"13":{"start":{"line":23,"column":2},"end":{"line":23,"column":72}},"14":{"start":{"line":23,"column":44},"end":{"line":23,"column":72}},"15":{"start":{"line":26,"column":18},"end":{"line":34,"column":2}},"16":{"start":{"line":27,"column":2},"end":{"line":27,"column":25}},"17":{"start":{"line":28,"column":2},"end":{"line":30,"column":11}},"18":{"start":{"line":29,"column":3},"end":{"line":29,"column":31}},"19":{"start":{"line":31,"column":2},"end":{"line":33,"column":11}},"20":{"start":{"line":32,"column":3},"end":{"line":32,"column":27}},"21":{"start":{"line":36,"column":1},"end":{"line":73,"column":40}},"22":{"start":{"line":36,"column":72},"end":{"line":36,"column":89}},"23":{"start":{"line":47,"column":6},"end":{"line":47,"column":13}},"24":{"start":{"line":48,"column":6},"end":{"line":59,"column":8}},"25":{"start":{"line":53,"column":23},"end":{"line":53,"column":35}},"26":{"start":{"line":54,"column":28},"end":{"line":54,"column":39}},"27":{"start":{"line":55,"column":28},"end":{"line":55,"column":44}},"28":{"start":{"line":63,"column":66},"end":{"line":63,"column":93}}},"fnMap":{"0":{"name":"(anonymous_0)","decl":{"start":{"line":5,"column":20},"end":{"line":5,"column":21}},"loc":{"start":{"line":5,"column":68},"end":{"line":75,"column":1}},"line":5},"1":{"name":"(anonymous_1)","decl":{"start":{"line":22,"column":24},"end":{"line":22,"column":25}},"loc":{"start":{"line":22,"column":31},"end":{"line":24,"column":2}},"line":22},"2":{"name":"(anonymous_2)","decl":{"start":{"line":26,"column":18},"end":{"line":26,"column":19}},"loc":{"start":{"line":26,"column":24},"end":{"line":34,"column":2}},"line":26},"3":{"name":"(anonymous_3)","decl":{"start":{"line":28,"column":13},"end":{"line":28,"column":14}},"loc":{"start":{"line":28,"column":19},"end":{"line":30,"column":3}},"line":28},"4":{"name":"(anonymous_4)","decl":{"start":{"line":31,"column":13},"end":{"line":31,"column":14}},"loc":{"start":{"line":31,"column":19},"end":{"line":33,"column":3}},"line":31},"5":{"name":"(anonymous_5)","decl":{"start":{"line":36,"column":65},"end":{"line":36,"column":66}},"loc":{"start":{"line":36,"column":72},"end":{"line":36,"column":89}},"line":36},"6":{"name":"(anonymous_6)","decl":{"start":{"line":46,"column":25},"end":{"line":46,"column":26}},"loc":{"start":{"line":46,"column":38},"end":{"line":60,"column":6}},"line":46},"7":{"name":"(anonymous_7)","decl":{"start":{"line":53,"column":17},"end":{"line":53,"column":18}},"loc":{"start":{"line":53,"column":23},"end":{"line":53,"column":35}},"line":53},"8":{"name":"(anonymous_8)","decl":{"start":{"line":54,"column":22},"end":{"line":54,"column":23}},"loc":{"start":{"line":54,"column":28},"end":{"line":54,"column":39}},"line":54},"9":{"name":"(anonymous_9)","decl":{"start":{"line":55,"column":22},"end":{"line":55,"column":23}},"loc":{"start":{"line":55,"column":28},"end":{"line":55,"column":44}},"line":55},"10":{"name":"(anonymous_10)","decl":{"start":{"line":63,"column":60},"end":{"line":63,"column":61}},"loc":{"start":{"line":63,"column":66},"end":{"line":63,"column":93}},"line":63}},"branchMap":{"0":{"loc":{"start":{"line":12,"column":1},"end":{"line":20,"column":2}},"type":"if","locations":[{"start":{"line":12,"column":1},"end":{"line":20,"column":2}},{"start":{"line":14,"column":8},"end":{"line":20,"column":2}}],"line":12},"1":{"loc":{"start":{"line":14,"column":8},"end":{"line":20,"column":2}},"type":"if","locations":[{"start":{"line":14,"column":8},"end":{"line":20,"column":2}},{"start":{"line":16,"column":8},"end":{"line":20,"column":2}}],"line":14},"2":{"loc":{"start":{"line":16,"column":8},"end":{"line":20,"column":2}},"type":"if","locations":[{"start":{"line":16,"column":8},"end":{"line":20,"column":2}},{"start":{"line":18,"column":8},"end":{"line":20,"column":2}}],"line":16},"3":{"loc":{"start":{"line":16,"column":12},"end":{"line":16,"column":36}},"type":"binary-expr","locations":[{"start":{"line":16,"column":12},"end":{"line":16,"column":22}},{"start":{"line":16,"column":26},"end":{"line":16,"column":36}}],"line":16},"4":{"loc":{"start":{"line":23,"column":2},"end":{"line":23,"column":72}},"type":"if","locations":[{"start":{"line":23,"column":2},"end":{"line":23,"column":72}},{"start":{},"end":{}}],"line":23},"5":{"loc":{"start":{"line":36,"column":10},"end":{"line":73,"column":39}},"type":"cond-expr","locations":[{"start":{"line":36,"column":27},"end":{"line":73,"column":8}},{"start":{"line":73,"column":11},"end":{"line":73,"column":39}}],"line":36},"6":{"loc":{"start":{"line":43,"column":6},"end":{"line":43,"column":123}},"type":"cond-expr","locations":[{"start":{"line":43,"column":21},"end":{"line":43,"column":75}},{"start":{"line":43,"column":78},"end":{"line":43,"column":123}}],"line":43},"7":{"loc":{"start":{"line":52,"column":19},"end":{"line":52,"column":90}},"type":"cond-expr","locations":[{"start":{"line":52,"column":44},"end":{"line":52,"column":65}},{"start":{"line":52,"column":68},"end":{"line":52,"column":90}}],"line":52},"8":{"loc":{"start":{"line":52,"column":25},"end":{"line":52,"column":40}},"type":"binary-expr","locations":[{"start":{"line":52,"column":25},"end":{"line":52,"column":30}},{"start":{"line":52,"column":34},"end":{"line":52,"column":40}}],"line":52},"9":{"loc":{"start":{"line":66,"column":6},"end":{"line":70,"column":6}},"type":"binary-expr","locations":[{"start":{"line":66,"column":6},"end":{"line":66,"column":16}},{"start":{"line":67,"column":6},"end":{"line":69,"column":15}}],"line":66}},"s":{"0":1,"1":3,"2":3,"3":3,"4":3,"5":3,"6":0,"7":3,"8":0,"9":3,"10":1,"11":2,"12":3,"13":1,"14":0,"15":3,"16":0,"17":0,"18":0,"19":0,"20":0,"21":3,"22":1,"23":30,"24":30,"25":1,"26":1,"27":0,"28":0},"f":{"0":3,"1":1,"2":0,"3":0,"4":0,"5":1,"6":30,"7":1,"8":1,"9":0,"10":0},"b":{"0":[0,3],"1":[0,3],"2":[1,2],"3":[3,3],"4":[0,1],"5":[3,0],"6":[2,1],"7":[8,22],"8":[30,10],"9":[3,1]},"_coverageSchema":"1a1c01bbd47fc00a2c39e90264f33305004495a9","hash":"d29b5dff10ede3f29f87c1b4ef08a06d07d0f1fd"}
,"/Users/vilsonkh/Desktop/IT/PORTFOLIO-SITE/projects-2/entertainment-app/src/components/utils/test-redux-utils.jsx": {"path":"/Users/vilsonkh/Desktop/IT/PORTFOLIO-SITE/projects-2/entertainment-app/src/components/utils/test-redux-utils.jsx","statementMap":{"0":{"start":{"line":8,"column":35},"end":{"line":18,"column":1}},"1":{"start":{"line":9,"column":17},"end":{"line":15,"column":2}},"2":{"start":{"line":10,"column":2},"end":{"line":14,"column":4}},"3":{"start":{"line":17,"column":1},"end":{"line":17,"column":73}}},"fnMap":{"0":{"name":"(anonymous_0)","decl":{"start":{"line":8,"column":35},"end":{"line":8,"column":36}},"loc":{"start":{"line":8,"column":150},"end":{"line":18,"column":1}},"line":8},"1":{"name":"(anonymous_1)","decl":{"start":{"line":9,"column":17},"end":{"line":9,"column":18}},"loc":{"start":{"line":9,"column":35},"end":{"line":15,"column":2}},"line":9}},"branchMap":{"0":{"loc":{"start":{"line":8,"column":40},"end":{"line":8,"column":145}},"type":"default-arg","locations":[{"start":{"line":8,"column":143},"end":{"line":8,"column":145}}],"line":8},"1":{"loc":{"start":{"line":8,"column":56},"end":{"line":8,"column":120}},"type":"default-arg","locations":[{"start":{"line":8,"column":64},"end":{"line":8,"column":120}}],"line":8}},"s":{"0":2,"1":3,"2":3,"3":3},"f":{"0":3,"1":3},"b":{"0":[3],"1":[3]},"_coverageSchema":"1a1c01bbd47fc00a2c39e90264f33305004495a9","hash":"05913007fb4b755b1093865cea26419700e153b2"}
,"/Users/vilsonkh/Desktop/IT/PORTFOLIO-SITE/projects-2/entertainment-app/src/firebase/service.jsx": {"path":"/Users/vilsonkh/Desktop/IT/PORTFOLIO-SITE/projects-2/entertainment-app/src/firebase/service.jsx","statementMap":{"0":{"start":{"line":4,"column":31},"end":{"line":30,"column":1}},"1":{"start":{"line":5,"column":13},"end":{"line":5,"column":37}},"2":{"start":{"line":6,"column":16},"end":{"line":6,"column":20}},"3":{"start":{"line":8,"column":1},"end":{"line":26,"column":2}},"4":{"start":{"line":10,"column":3},"end":{"line":10,"column":54}},"5":{"start":{"line":11,"column":3},"end":{"line":11,"column":9}},"6":{"start":{"line":13,"column":3},"end":{"line":13,"column":75}},"7":{"start":{"line":14,"column":3},"end":{"line":14,"column":9}},"8":{"start":{"line":16,"column":3},"end":{"line":16,"column":75}},"9":{"start":{"line":17,"column":3},"end":{"line":17,"column":9}},"10":{"start":{"line":19,"column":3},"end":{"line":19,"column":79}},"11":{"start":{"line":20,"column":3},"end":{"line":20,"column":9}},"12":{"start":{"line":22,"column":3},"end":{"line":22,"column":79}},"13":{"start":{"line":23,"column":3},"end":{"line":23,"column":9}},"14":{"start":{"line":25,"column":3},"end":{"line":25,"column":86}},"15":{"start":{"line":28,"column":13},"end":{"line":28,"column":36}},"16":{"start":{"line":29,"column":1},"end":{"line":29,"column":12}},"17":{"start":{"line":32,"column":35},"end":{"line":35,"column":1}},"18":{"start":{"line":33,"column":13},"end":{"line":33,"column":39}},"19":{"start":{"line":34,"column":1},"end":{"line":34,"column":25}},"20":{"start":{"line":37,"column":24},"end":{"line":63,"column":1}},"21":{"start":{"line":38,"column":16},"end":{"line":38,"column":20}},"22":{"start":{"line":39,"column":13},"end":{"line":39,"column":37}},"23":{"start":{"line":40,"column":1},"end":{"line":55,"column":2}},"24":{"start":{"line":42,"column":3},"end":{"line":42,"column":42}},"25":{"start":{"line":43,"column":3},"end":{"line":43,"column":9}},"26":{"start":{"line":45,"column":3},"end":{"line":45,"column":46}},"27":{"start":{"line":46,"column":3},"end":{"line":46,"column":9}},"28":{"start":{"line":48,"column":3},"end":{"line":48,"column":46}},"29":{"start":{"line":49,"column":3},"end":{"line":49,"column":9}},"30":{"start":{"line":51,"column":3},"end":{"line":51,"column":42}},"31":{"start":{"line":52,"column":3},"end":{"line":52,"column":9}},"32":{"start":{"line":54,"column":3},"end":{"line":54,"column":9}},"33":{"start":{"line":57,"column":13},"end":{"line":57,"column":64}},"34":{"start":{"line":58,"column":21},"end":{"line":58,"column":50}},"35":{"start":{"line":59,"column":1},"end":{"line":59,"column":26}},"36":{"start":{"line":60,"column":14},"end":{"line":60,"column":95}},"37":{"start":{"line":62,"column":1},"end":{"line":62,"column":13}},"38":{"start":{"line":65,"column":34},"end":{"line":69,"column":1}},"39":{"start":{"line":66,"column":13},"end":{"line":66,"column":39}},"40":{"start":{"line":67,"column":13},"end":{"line":67,"column":31}},"41":{"start":{"line":68,"column":1},"end":{"line":68,"column":12}},"42":{"start":{"line":71,"column":30},"end":{"line":75,"column":1}},"43":{"start":{"line":72,"column":1},"end":{"line":72,"column":37}},"44":{"start":{"line":73,"column":13},"end":{"line":73,"column":41}},"45":{"start":{"line":74,"column":1},"end":{"line":74,"column":55}},"46":{"start":{"line":77,"column":30},"end":{"line":82,"column":1}},"47":{"start":{"line":78,"column":13},"end":{"line":78,"column":41}},"48":{"start":{"line":79,"column":13},"end":{"line":79,"column":30}},"49":{"start":{"line":81,"column":1},"end":{"line":81,"column":12}},"50":{"start":{"line":84,"column":26},"end":{"line":88,"column":1}},"51":{"start":{"line":85,"column":13},"end":{"line":85,"column":54}},"52":{"start":{"line":86,"column":13},"end":{"line":86,"column":31}},"53":{"start":{"line":87,"column":1},"end":{"line":87,"column":12}},"54":{"start":{"line":90,"column":29},"end":{"line":93,"column":1}},"55":{"start":{"line":91,"column":13},"end":{"line":91,"column":54}},"56":{"start":{"line":92,"column":1},"end":{"line":92,"column":25}}},"fnMap":{"0":{"name":"(anonymous_0)","decl":{"start":{"line":4,"column":31},"end":{"line":4,"column":32}},"loc":{"start":{"line":4,"column":63},"end":{"line":30,"column":1}},"line":4},"1":{"name":"(anonymous_1)","decl":{"start":{"line":32,"column":35},"end":{"line":32,"column":36}},"loc":{"start":{"line":32,"column":51},"end":{"line":35,"column":1}},"line":32},"2":{"name":"(anonymous_2)","decl":{"start":{"line":37,"column":24},"end":{"line":37,"column":25}},"loc":{"start":{"line":37,"column":65},"end":{"line":63,"column":1}},"line":37},"3":{"name":"(anonymous_3)","decl":{"start":{"line":65,"column":34},"end":{"line":65,"column":35}},"loc":{"start":{"line":65,"column":46},"end":{"line":69,"column":1}},"line":65},"4":{"name":"(anonymous_4)","decl":{"start":{"line":71,"column":30},"end":{"line":71,"column":31}},"loc":{"start":{"line":71,"column":64},"end":{"line":75,"column":1}},"line":71},"5":{"name":"(anonymous_5)","decl":{"start":{"line":77,"column":30},"end":{"line":77,"column":31}},"loc":{"start":{"line":77,"column":49},"end":{"line":82,"column":1}},"line":77},"6":{"name":"(anonymous_6)","decl":{"start":{"line":84,"column":26},"end":{"line":84,"column":27}},"loc":{"start":{"line":84,"column":43},"end":{"line":88,"column":1}},"line":84},"7":{"name":"(anonymous_7)","decl":{"start":{"line":90,"column":29},"end":{"line":90,"column":30}},"loc":{"start":{"line":90,"column":52},"end":{"line":93,"column":1}},"line":90}},"branchMap":{"0":{"loc":{"start":{"line":8,"column":1},"end":{"line":26,"column":2}},"type":"switch","locations":[{"start":{"line":9,"column":2},"end":{"line":11,"column":9}},{"start":{"line":12,"column":2},"end":{"line":14,"column":9}},{"start":{"line":15,"column":2},"end":{"line":17,"column":9}},{"start":{"line":18,"column":2},"end":{"line":20,"column":9}},{"start":{"line":21,"column":2},"end":{"line":23,"column":9}},{"start":{"line":24,"column":2},"end":{"line":25,"column":86}}],"line":8},"1":{"loc":{"start":{"line":40,"column":1},"end":{"line":55,"column":2}},"type":"switch","locations":[{"start":{"line":41,"column":2},"end":{"line":43,"column":9}},{"start":{"line":44,"column":2},"end":{"line":46,"column":9}},{"start":{"line":47,"column":2},"end":{"line":49,"column":9}},{"start":{"line":50,"column":2},"end":{"line":52,"column":9}},{"start":{"line":53,"column":2},"end":{"line":54,"column":9}}],"line":40}},"s":{"0":5,"1":1,"2":1,"3":1,"4":0,"5":0,"6":0,"7":0,"8":1,"9":1,"10":0,"11":0,"12":0,"13":0,"14":0,"15":1,"16":0,"17":5,"18":0,"19":0,"20":5,"21":0,"22":0,"23":0,"24":0,"25":0,"26":0,"27":0,"28":0,"29":0,"30":0,"31":0,"32":0,"33":0,"34":0,"35":0,"36":0,"37":0,"38":5,"39":0,"40":0,"41":0,"42":5,"43":0,"44":0,"45":0,"46":5,"47":0,"48":0,"49":0,"50":5,"51":0,"52":0,"53":0,"54":5,"55":0,"56":0},"f":{"0":1,"1":0,"2":0,"3":0,"4":0,"5":0,"6":0,"7":0},"b":{"0":[0,0,1,0,0,0],"1":[0,0,0,0,0]},"_coverageSchema":"1a1c01bbd47fc00a2c39e90264f33305004495a9","hash":"7855ba3d090c9babc61c475d1d7158c87034b8c5"}
,"/Users/vilsonkh/Desktop/IT/PORTFOLIO-SITE/projects-2/entertainment-app/src/pages/ErrorPage.jsx": {"path":"/Users/vilsonkh/Desktop/IT/PORTFOLIO-SITE/projects-2/entertainment-app/src/pages/ErrorPage.jsx","statementMap":{"0":{"start":{"line":5,"column":18},"end":{"line":19,"column":1}},"1":{"start":{"line":6,"column":1},"end":{"line":18,"column":3}}},"fnMap":{"0":{"name":"(anonymous_0)","decl":{"start":{"line":5,"column":18},"end":{"line":5,"column":19}},"loc":{"start":{"line":5,"column":24},"end":{"line":19,"column":1}},"line":5}},"branchMap":{},"s":{"0":0,"1":0},"f":{"0":0},"b":{}}
,"/Users/vilsonkh/Desktop/IT/PORTFOLIO-SITE/projects-2/entertainment-app/src/store/thunks.js": {"path":"/Users/vilsonkh/Desktop/IT/PORTFOLIO-SITE/projects-2/entertainment-app/src/store/thunks.js","statementMap":{"0":{"start":{"line":5,"column":28},"end":{"line":10,"column":2}},"1":{"start":{"line":6,"column":1},"end":{"line":6,"column":20}},"2":{"start":{"line":7,"column":13},"end":{"line":7,"column":36}},"3":{"start":{"line":8,"column":16},"end":{"line":8,"column":70}},"4":{"start":{"line":8,"column":39},"end":{"line":8,"column":68}},"5":{"start":{"line":9,"column":1},"end":{"line":9,"column":15}},"6":{"start":{"line":12,"column":34},"end":{"line":16,"column":2}},"7":{"start":{"line":13,"column":13},"end":{"line":13,"column":42}},"8":{"start":{"line":14,"column":16},"end":{"line":14,"column":70}},"9":{"start":{"line":14,"column":39},"end":{"line":14,"column":68}},"10":{"start":{"line":15,"column":1},"end":{"line":15,"column":15}},"11":{"start":{"line":18,"column":32},"end":{"line":22,"column":2}},"12":{"start":{"line":19,"column":13},"end":{"line":19,"column":42}},"13":{"start":{"line":20,"column":16},"end":{"line":20,"column":45}},"14":{"start":{"line":21,"column":1},"end":{"line":21,"column":15}},"15":{"start":{"line":24,"column":34},"end":{"line":28,"column":2}},"16":{"start":{"line":25,"column":13},"end":{"line":25,"column":39}},"17":{"start":{"line":26,"column":16},"end":{"line":26,"column":70}},"18":{"start":{"line":26,"column":39},"end":{"line":26,"column":68}},"19":{"start":{"line":27,"column":1},"end":{"line":27,"column":15}},"20":{"start":{"line":30,"column":36},"end":{"line":40,"column":2}},"21":{"start":{"line":31,"column":17},"end":{"line":31,"column":27}},"22":{"start":{"line":32,"column":1},"end":{"line":32,"column":32}},"23":{"start":{"line":33,"column":1},"end":{"line":39,"column":2}},"24":{"start":{"line":34,"column":15},"end":{"line":34,"column":75}},"25":{"start":{"line":35,"column":17},"end":{"line":35,"column":72}},"26":{"start":{"line":35,"column":41},"end":{"line":35,"column":70}},"27":{"start":{"line":36,"column":2},"end":{"line":36,"column":16}},"28":{"start":{"line":38,"column":2},"end":{"line":38,"column":25}},"29":{"start":{"line":42,"column":35},"end":{"line":50,"column":2}},"30":{"start":{"line":43,"column":1},"end":{"line":49,"column":2}},"31":{"start":{"line":44,"column":14},"end":{"line":44,"column":49}},"32":{"start":{"line":45,"column":17},"end":{"line":45,"column":71}},"33":{"start":{"line":45,"column":40},"end":{"line":45,"column":69}},"34":{"start":{"line":46,"column":2},"end":{"line":46,"column":16}},"35":{"start":{"line":48,"column":2},"end":{"line":48,"column":25}},"36":{"start":{"line":52,"column":28},"end":{"line":61,"column":2}},"37":{"start":{"line":53,"column":1},"end":{"line":60,"column":2}},"38":{"start":{"line":54,"column":14},"end":{"line":54,"column":57}},"39":{"start":{"line":56,"column":17},"end":{"line":56,"column":71}},"40":{"start":{"line":56,"column":40},"end":{"line":56,"column":69}},"41":{"start":{"line":57,"column":2},"end":{"line":57,"column":16}},"42":{"start":{"line":59,"column":2},"end":{"line":59,"column":25}}},"fnMap":{"0":{"name":"(anonymous_0)","decl":{"start":{"line":5,"column":56},"end":{"line":5,"column":57}},"loc":{"start":{"line":5,"column":73},"end":{"line":10,"column":1}},"line":5},"1":{"name":"(anonymous_1)","decl":{"start":{"line":8,"column":29},"end":{"line":8,"column":30}},"loc":{"start":{"line":8,"column":39},"end":{"line":8,"column":68}},"line":8},"2":{"name":"(anonymous_2)","decl":{"start":{"line":12,"column":65},"end":{"line":12,"column":66}},"loc":{"start":{"line":12,"column":83},"end":{"line":16,"column":1}},"line":12},"3":{"name":"(anonymous_3)","decl":{"start":{"line":14,"column":29},"end":{"line":14,"column":30}},"loc":{"start":{"line":14,"column":39},"end":{"line":14,"column":68}},"line":14},"4":{"name":"(anonymous_4)","decl":{"start":{"line":18,"column":64},"end":{"line":18,"column":65}},"loc":{"start":{"line":18,"column":83},"end":{"line":22,"column":1}},"line":18},"5":{"name":"(anonymous_5)","decl":{"start":{"line":24,"column":63},"end":{"line":24,"column":64}},"loc":{"start":{"line":24,"column":75},"end":{"line":28,"column":1}},"line":24},"6":{"name":"(anonymous_6)","decl":{"start":{"line":26,"column":29},"end":{"line":26,"column":30}},"loc":{"start":{"line":26,"column":39},"end":{"line":26,"column":68}},"line":26},"7":{"name":"(anonymous_7)","decl":{"start":{"line":30,"column":83},"end":{"line":30,"column":84}},"loc":{"start":{"line":30,"column":115},"end":{"line":40,"column":1}},"line":30},"8":{"name":"(anonymous_8)","decl":{"start":{"line":35,"column":31},"end":{"line":35,"column":32}},"loc":{"start":{"line":35,"column":41},"end":{"line":35,"column":70}},"line":35},"9":{"name":"(anonymous_9)","decl":{"start":{"line":42,"column":78},"end":{"line":42,"column":79}},"loc":{"start":{"line":42,"column":90},"end":{"line":50,"column":1}},"line":42},"10":{"name":"(anonymous_10)","decl":{"start":{"line":45,"column":30},"end":{"line":45,"column":31}},"loc":{"start":{"line":45,"column":40},"end":{"line":45,"column":69}},"line":45},"11":{"name":"(anonymous_11)","decl":{"start":{"line":52,"column":74},"end":{"line":52,"column":75}},"loc":{"start":{"line":52,"column":92},"end":{"line":61,"column":1}},"line":52},"12":{"name":"(anonymous_12)","decl":{"start":{"line":56,"column":30},"end":{"line":56,"column":31}},"loc":{"start":{"line":56,"column":40},"end":{"line":56,"column":69}},"line":56}},"branchMap":{},"s":{"0":5,"1":0,"2":0,"3":0,"4":0,"5":0,"6":5,"7":0,"8":0,"9":0,"10":0,"11":5,"12":0,"13":0,"14":0,"15":5,"16":0,"17":0,"18":0,"19":0,"20":5,"21":0,"22":0,"23":0,"24":0,"25":0,"26":0,"27":0,"28":0,"29":5,"30":0,"31":0,"32":0,"33":0,"34":0,"35":0,"36":5,"37":1,"38":1,"39":0,"40":0,"41":0,"42":0},"f":{"0":0,"1":0,"2":0,"3":0,"4":0,"5":0,"6":0,"7":0,"8":0,"9":0,"10":0,"11":1,"12":0},"b":{},"_coverageSchema":"1a1c01bbd47fc00a2c39e90264f33305004495a9","hash":"9db55f6f21da5b4e3c1a838dbbb01a45ed8b5164"}
}
