TN:
SF:src/components/AddForm/Form.jsx
FN:11,(anonymous_0)
FN:40,(anonymous_1)
FN:44,(anonymous_2)
FNF:3
FNH:1
FNDA:3,(anonymous_0)
FNDA:0,(anonymous_1)
FNDA:0,(anonymous_2)
DA:11,1
DA:13,3
DA:14,3
DA:15,3
DA:25,3
DA:37,3
DA:38,3
DA:40,3
DA:41,0
DA:42,0
DA:44,0
DA:45,0
DA:46,0
DA:48,0
DA:51,3
LF:15
LH:9
BRDA:54,0,0,3
BRDA:54,0,1,0
BRF:2
BRH:1
end_of_record
TN:
SF:src/components/AddForm/Input.jsx
FN:4,(anonymous_0)
FNF:1
FNH:1
FNDA:12,(anonymous_0)
DA:4,1
DA:8,12
DA:10,12
LF:3
LH:3
BRDA:18,0,0,12
BRDA:18,0,1,1
BRF:2
BRH:2
end_of_record
TN:
SF:src/components/ItemCard/CollapseText.jsx
FN:3,(anonymous_0)
FN:14,(anonymous_1)
FNF:2
FNH:2
FNDA:5,(anonymous_0)
FNDA:2,(anonymous_1)
DA:3,1
DA:4,5
DA:5,5
DA:14,2
LF:4
LH:4
BRDA:16,0,0,4
BRDA:16,0,1,1
BRDA:17,1,0,1
BRDA:17,1,1,4
BRF:4
BRH:4
end_of_record
TN:
SF:src/components/ItemCard/NewReviewForm.jsx
FN:6,(anonymous_0)
FN:19,(anonymous_1)
FN:22,(anonymous_2)
FNF:3
FNH:0
FNDA:0,(anonymous_0)
FNDA:0,(anonymous_1)
FNDA:0,(anonymous_2)
DA:6,0
DA:8,0
DA:17,0
DA:19,0
DA:20,0
DA:22,0
DA:23,0
DA:24,0
DA:25,0
DA:27,0
DA:30,0
DA:32,0
LF:12
LH:0
BRDA:30,0,0,0
BRDA:30,0,1,0
BRF:2
BRH:0
end_of_record
TN:
SF:src/components/Search/Search.jsx
FN:10,(anonymous_0)
FN:14,(anonymous_1)
FN:21,(anonymous_2)
FN:22,(anonymous_3)
FN:30,(anonymous_4)
FN:44,(anonymous_5)
FNF:6
FNH:5
FNDA:5,(anonymous_0)
FNDA:4,(anonymous_1)
FNDA:3,(anonymous_2)
FNDA:0,(anonymous_3)
FNDA:3,(anonymous_4)
FNDA:1,(anonymous_5)
DA:10,1
DA:11,5
DA:12,5
DA:14,5
DA:15,4
DA:16,4
DA:17,1
DA:21,5
DA:22,3
DA:23,0
DA:24,0
DA:25,0
DA:28,3
DA:30,3
DA:31,3
DA:36,5
DA:37,5
DA:44,1
LF:18
LH:15
BRDA:15,0,0,1
BRDA:15,0,1,3
BRDA:16,1,0,3
BRDA:16,1,1,1
BRDA:24,2,0,0
BRDA:24,2,1,0
BRDA:41,3,0,0
BRDA:41,3,1,5
BRDA:46,4,0,1
BRDA:46,4,1,4
BRF:10
BRH:7
end_of_record
TN:
SF:src/components/Search/useSearchDebouncer.js
FN:6,(anonymous_0)
FN:11,(anonymous_1)
FN:12,(anonymous_2)
FN:16,(anonymous_3)
FNF:4
FNH:4
FNDA:6,(anonymous_0)
FNDA:5,(anonymous_1)
FNDA:1,(anonymous_2)
FNDA:5,(anonymous_3)
DA:6,2
DA:7,6
DA:8,6
DA:9,6
DA:11,6
DA:12,5
DA:13,1
DA:14,1
DA:16,5
DA:20,6
LF:10
LH:10
BRDA:6,0,0,6
BRF:1
BRH:1
end_of_record
TN:
SF:src/components/SearchPopup/SearchPopup.jsx
FN:9,(anonymous_0)
FN:17,(anonymous_1)
FN:26,(anonymous_2)
FN:26,(anonymous_3)
FN:28,(anonymous_4)
FNF:5
FNH:4
FNDA:4,(anonymous_0)
FNDA:1,(anonymous_1)
FNDA:0,(anonymous_2)
FNDA:4,(anonymous_3)
FNDA:1,(anonymous_4)
DA:9,1
DA:10,4
DA:12,4
DA:13,4
DA:15,4
DA:17,4
DA:18,1
DA:19,1
DA:20,1
DA:23,4
DA:26,0
DA:27,4
DA:28,1
LF:13
LH:12
BRDA:26,0,0,0
BRDA:26,0,1,4
BRDA:34,1,0,1
BRDA:34,1,1,3
BRDA:41,2,0,1
BRDA:41,2,1,3
BRF:6
BRH:5
end_of_record
TN:
SF:src/components/UI/AcceptPopup.jsx
FN:3,(anonymous_0)
FNF:1
FNH:1
FNDA:2,(anonymous_0)
DA:3,3
DA:4,2
LF:2
LH:2
BRF:0
BRH:0
end_of_record
TN:
SF:src/components/UI/AddButton.jsx
FN:5,(anonymous_0)
FN:9,(anonymous_1)
FNF:2
FNH:2
FNDA:2,(anonymous_0)
FNDA:1,(anonymous_1)
DA:5,1
DA:6,2
DA:7,2
DA:9,1
LF:4
LH:4
BRF:0
BRH:0
end_of_record
TN:
SF:src/components/UI/Bookmark.jsx
FN:5,(anonymous_0)
FN:8,(anonymous_1)
FN:16,(anonymous_2)
FNF:3
FNH:3
FNDA:3,(anonymous_0)
FNDA:1,(anonymous_1)
FNDA:1,(anonymous_2)
DA:5,2
DA:6,3
DA:8,3
DA:9,1
DA:10,1
DA:11,1
DA:12,1
DA:15,3
DA:16,1
LF:9
LH:9
BRDA:10,0,0,0
BRDA:10,0,1,1
BRDA:17,1,0,2
BRDA:17,1,1,1
BRF:4
BRH:3
end_of_record
TN:
SF:src/components/UI/ExternalImage.jsx
FN:4,(anonymous_0)
FN:11,(anonymous_1)
FNF:2
FNH:1
FNDA:5,(anonymous_0)
FNDA:0,(anonymous_1)
DA:4,3
DA:5,5
DA:7,5
DA:11,0
LF:4
LH:3
BRDA:4,0,0,4
BRDA:9,1,0,1
BRDA:9,1,1,4
BRDA:10,2,0,0
BRDA:10,2,1,5
BRDA:15,3,0,5
BRDA:15,3,1,0
BRF:7
BRH:5
end_of_record
TN:
SF:src/components/UI/RatingPopup.jsx
FN:5,(anonymous_0)
FN:22,(anonymous_1)
FN:26,(anonymous_2)
FN:28,(anonymous_3)
FN:31,(anonymous_4)
FN:36,(anonymous_5)
FN:46,(anonymous_6)
FN:53,(anonymous_7)
FN:54,(anonymous_8)
FN:55,(anonymous_9)
FN:63,(anonymous_10)
FNF:11
FNH:6
FNDA:3,(anonymous_0)
FNDA:1,(anonymous_1)
FNDA:0,(anonymous_2)
FNDA:0,(anonymous_3)
FNDA:0,(anonymous_4)
FNDA:1,(anonymous_5)
FNDA:30,(anonymous_6)
FNDA:1,(anonymous_7)
FNDA:1,(anonymous_8)
FNDA:0,(anonymous_9)
FNDA:0,(anonymous_10)
DA:5,1
DA:6,3
DA:7,3
DA:8,3
DA:9,3
DA:12,3
DA:13,0
DA:14,3
DA:15,0
DA:16,3
DA:17,1
DA:19,2
DA:22,3
DA:23,1
DA:26,3
DA:27,0
DA:28,0
DA:29,0
DA:31,0
DA:32,0
DA:36,3
DA:47,30
DA:48,30
DA:53,1
DA:54,1
DA:55,0
DA:63,0
LF:27
LH:18
BRDA:12,0,0,0
BRDA:12,0,1,3
BRDA:14,1,0,0
BRDA:14,1,1,3
BRDA:16,2,0,1
BRDA:16,2,1,2
BRDA:16,3,0,3
BRDA:16,3,1,3
BRDA:23,4,0,0
BRDA:23,4,1,1
BRDA:36,5,0,3
BRDA:36,5,1,0
BRDA:43,6,0,2
BRDA:43,6,1,1
BRDA:52,7,0,8
BRDA:52,7,1,22
BRDA:52,8,0,30
BRDA:52,8,1,10
BRDA:66,9,0,3
BRDA:66,9,1,1
BRF:20
BRH:16
end_of_record
TN:
SF:src/components/utils/test-redux-utils.jsx
FN:8,(anonymous_0)
FN:9,(anonymous_1)
FNF:2
FNH:2
FNDA:3,(anonymous_0)
FNDA:3,(anonymous_1)
DA:8,2
DA:9,3
DA:10,3
DA:17,3
LF:4
LH:4
BRDA:8,0,0,3
BRDA:8,1,0,3
BRF:2
BRH:2
end_of_record
TN:
SF:src/firebase/service.jsx
FN:4,(anonymous_0)
FN:32,(anonymous_1)
FN:37,(anonymous_2)
FN:65,(anonymous_3)
FN:71,(anonymous_4)
FN:77,(anonymous_5)
FN:84,(anonymous_6)
FN:90,(anonymous_7)
FNF:8
FNH:1
FNDA:1,(anonymous_0)
FNDA:0,(anonymous_1)
FNDA:0,(anonymous_2)
FNDA:0,(anonymous_3)
FNDA:0,(anonymous_4)
FNDA:0,(anonymous_5)
FNDA:0,(anonymous_6)
FNDA:0,(anonymous_7)
DA:4,5
DA:5,1
DA:6,1
DA:8,1
DA:10,0
DA:11,0
DA:13,0
DA:14,0
DA:16,1
DA:17,1
DA:19,0
DA:20,0
DA:22,0
DA:23,0
DA:25,0
DA:28,1
DA:29,0
DA:32,5
DA:33,0
DA:34,0
DA:37,5
DA:38,0
DA:39,0
DA:40,0
DA:42,0
DA:43,0
DA:45,0
DA:46,0
DA:48,0
DA:49,0
DA:51,0
DA:52,0
DA:54,0
DA:57,0
DA:58,0
DA:59,0
DA:60,0
DA:62,0
DA:65,5
DA:66,0
DA:67,0
DA:68,0
DA:71,5
DA:72,0
DA:73,0
DA:74,0
DA:77,5
DA:78,0
DA:79,0
DA:81,0
DA:84,5
DA:85,0
DA:86,0
DA:87,0
DA:90,5
DA:91,0
DA:92,0
LF:57
LH:14
BRDA:8,0,0,0
BRDA:8,0,1,0
BRDA:8,0,2,1
BRDA:8,0,3,0
BRDA:8,0,4,0
BRDA:8,0,5,0
BRDA:40,1,0,0
BRDA:40,1,1,0
BRDA:40,1,2,0
BRDA:40,1,3,0
BRDA:40,1,4,0
BRF:11
BRH:1
end_of_record
TN:
SF:src/pages/ErrorPage.jsx
FN:5,(anonymous_0)
FNF:1
FNH:0
FNDA:0,(anonymous_0)
DA:5,0
DA:6,0
LF:2
LH:0
BRF:0
BRH:0
end_of_record
TN:
SF:src/store/thunks.js
FN:5,(anonymous_0)
FN:8,(anonymous_1)
FN:12,(anonymous_2)
FN:14,(anonymous_3)
FN:18,(anonymous_4)
FN:24,(anonymous_5)
FN:26,(anonymous_6)
FN:30,(anonymous_7)
FN:35,(anonymous_8)
FN:42,(anonymous_9)
FN:45,(anonymous_10)
FN:52,(anonymous_11)
FN:56,(anonymous_12)
FNF:13
FNH:1
FNDA:0,(anonymous_0)
FNDA:0,(anonymous_1)
FNDA:0,(anonymous_2)
FNDA:0,(anonymous_3)
FNDA:0,(anonymous_4)
FNDA:0,(anonymous_5)
FNDA:0,(anonymous_6)
FNDA:0,(anonymous_7)
FNDA:0,(anonymous_8)
FNDA:0,(anonymous_9)
FNDA:0,(anonymous_10)
FNDA:1,(anonymous_11)
FNDA:0,(anonymous_12)
DA:5,5
DA:6,0
DA:7,0
DA:8,0
DA:9,0
DA:12,5
DA:13,0
DA:14,0
DA:15,0
DA:18,5
DA:19,0
DA:20,0
DA:21,0
DA:24,5
DA:25,0
DA:26,0
DA:27,0
DA:30,5
DA:31,0
DA:32,0
DA:33,0
DA:34,0
DA:35,0
DA:36,0
DA:38,0
DA:42,5
DA:43,0
DA:44,0
DA:45,0
DA:46,0
DA:48,0
DA:52,5
DA:53,1
DA:54,1
DA:56,0
DA:57,0
DA:59,0
LF:37
LH:9
BRF:0
BRH:0
end_of_record
